<?xml version="1.0" encoding="UTF-8"?>
<!-- Generated by org.testng.reporters.JUnitXMLReporter -->
<testsuite hostname="DESKTOP-K2HLBBH" ignored="0" name="Bing points App Test Cases" tests="2" failures="0" timestamp="2020-05-19T23:07:34 IST" time="34.46" errors="0">
  <testcase name="HomePage_Test" time="3.129" classname="com.bing.qa.testcases.HomePageTest"/>
  <testcase name="LoginTest" time="7.508" classname="com.bing.qa.testcases.LoginPageTest"/>
</testsuite> <!-- Bing points App Test Cases -->
