<?xml version="1.0" encoding="UTF-8"?>
<!-- Generated by org.testng.reporters.JUnitXMLReporter -->
<testsuite hostname="DESKTOP-K2HLBBH" ignored="0" name="Default test" tests="52" failures="0" timestamp="2020-09-16T16:11:31 IST" time="266.335" errors="0">
  <testcase name="searchTest" time="5.066" classname="com.bing.qa.testcases.SearchPageTest2"/>
  <testcase name="searchTest" time="5.139" classname="com.bing.qa.testcases.SearchPageTest2"/>
  <testcase name="searchTest" time="5.094" classname="com.bing.qa.testcases.SearchPageTest2"/>
  <testcase name="searchTest" time="5.117" classname="com.bing.qa.testcases.SearchPageTest2"/>
  <testcase name="searchTest" time="5.103" classname="com.bing.qa.testcases.SearchPageTest2"/>
  <testcase name="searchTest" time="5.114" classname="com.bing.qa.testcases.SearchPageTest2"/>
  <testcase name="searchTest" time="5.105" classname="com.bing.qa.testcases.SearchPageTest2"/>
  <testcase name="searchTest" time="5.115" classname="com.bing.qa.testcases.SearchPageTest2"/>
  <testcase name="searchTest" time="5.172" classname="com.bing.qa.testcases.SearchPageTest2"/>
  <testcase name="searchTest" time="5.127" classname="com.bing.qa.testcases.SearchPageTest2"/>
  <testcase name="searchTest" time="5.107" classname="com.bing.qa.testcases.SearchPageTest2"/>
  <testcase name="searchTest" time="5.107" classname="com.bing.qa.testcases.SearchPageTest2"/>
  <testcase name="searchTest" time="5.141" classname="com.bing.qa.testcases.SearchPageTest2"/>
  <testcase name="searchTest" time="5.105" classname="com.bing.qa.testcases.SearchPageTest2"/>
  <testcase name="searchTest" time="5.119" classname="com.bing.qa.testcases.SearchPageTest2"/>
  <testcase name="searchTest" time="5.13" classname="com.bing.qa.testcases.SearchPageTest2"/>
  <testcase name="searchTest" time="5.089" classname="com.bing.qa.testcases.SearchPageTest2"/>
  <testcase name="searchTest" time="5.111" classname="com.bing.qa.testcases.SearchPageTest2"/>
  <testcase name="searchTest" time="5.125" classname="com.bing.qa.testcases.SearchPageTest2"/>
  <testcase name="searchTest" time="5.089" classname="com.bing.qa.testcases.SearchPageTest2"/>
  <testcase name="searchTest" time="5.095" classname="com.bing.qa.testcases.SearchPageTest2"/>
  <testcase name="searchTest" time="5.114" classname="com.bing.qa.testcases.SearchPageTest2"/>
  <testcase name="searchTest" time="5.087" classname="com.bing.qa.testcases.SearchPageTest2"/>
  <testcase name="searchTest" time="5.12" classname="com.bing.qa.testcases.SearchPageTest2"/>
  <testcase name="searchTest" time="5.113" classname="com.bing.qa.testcases.SearchPageTest2"/>
  <testcase name="searchTest" time="5.097" classname="com.bing.qa.testcases.SearchPageTest2"/>
  <testcase name="searchTest" time="5.11" classname="com.bing.qa.testcases.SearchPageTest2"/>
  <testcase name="searchTest" time="5.114" classname="com.bing.qa.testcases.SearchPageTest2"/>
  <testcase name="searchTest" time="5.118" classname="com.bing.qa.testcases.SearchPageTest2"/>
  <testcase name="searchTest" time="5.125" classname="com.bing.qa.testcases.SearchPageTest2"/>
  <testcase name="searchTest" time="5.146" classname="com.bing.qa.testcases.SearchPageTest2"/>
  <testcase name="searchTest" time="5.108" classname="com.bing.qa.testcases.SearchPageTest2"/>
  <testcase name="searchTest" time="5.107" classname="com.bing.qa.testcases.SearchPageTest2"/>
  <testcase name="searchTest" time="5.105" classname="com.bing.qa.testcases.SearchPageTest2"/>
  <testcase name="searchTest" time="5.077" classname="com.bing.qa.testcases.SearchPageTest2"/>
  <testcase name="searchTest" time="5.089" classname="com.bing.qa.testcases.SearchPageTest2"/>
  <testcase name="searchTest" time="5.103" classname="com.bing.qa.testcases.SearchPageTest2"/>
  <testcase name="searchTest" time="5.118" classname="com.bing.qa.testcases.SearchPageTest2"/>
  <testcase name="searchTest" time="5.139" classname="com.bing.qa.testcases.SearchPageTest2"/>
  <testcase name="searchTest" time="5.106" classname="com.bing.qa.testcases.SearchPageTest2"/>
  <testcase name="searchTest" time="5.098" classname="com.bing.qa.testcases.SearchPageTest2"/>
  <testcase name="searchTest" time="5.102" classname="com.bing.qa.testcases.SearchPageTest2"/>
  <testcase name="searchTest" time="5.096" classname="com.bing.qa.testcases.SearchPageTest2"/>
  <testcase name="searchTest" time="5.114" classname="com.bing.qa.testcases.SearchPageTest2"/>
  <testcase name="searchTest" time="5.084" classname="com.bing.qa.testcases.SearchPageTest2"/>
  <testcase name="searchTest" time="5.131" classname="com.bing.qa.testcases.SearchPageTest2"/>
  <testcase name="searchTest" time="5.118" classname="com.bing.qa.testcases.SearchPageTest2"/>
  <testcase name="searchTest" time="5.084" classname="com.bing.qa.testcases.SearchPageTest2"/>
  <testcase name="searchTest" time="5.115" classname="com.bing.qa.testcases.SearchPageTest2"/>
  <testcase name="searchTest" time="5.096" classname="com.bing.qa.testcases.SearchPageTest2"/>
  <testcase name="searchTest" time="5.089" classname="com.bing.qa.testcases.SearchPageTest2"/>
  <testcase name="searchTest" time="5.166" classname="com.bing.qa.testcases.SearchPageTest2"/>
</testsuite> <!-- Default test -->
